# project  configured on Thu Jul  2 13:11:57 2015 by
# waf 1.7.11 (abi 98, python 20706f0 on darwin)
# using /usr/local/homebrew/Cellar/pebble-sdk/3.1/Pebble/waf configure build
#
----------------------------------------
Setting top to
/Users/a571427/workspace/Pebble-workout-timer
----------------------------------------
Setting out to
/Users/a571427/workspace/Pebble-workout-timer/build
----------------------------------------
Found Pebble SDK for basalt in:
/usr/local/homebrew/Cellar/pebble-sdk/3.1/Pebble/basalt
----------------------------------------
Checking for program gcc,cc
arm-none-eabi-gcc
find program=['gcc', 'cc'] paths='' var='CC' -> 'arm-none-eabi-gcc'
----------------------------------------
Checking for program ar
arm-none-eabi-ar
find program=['ar'] paths='' var='AR' -> 'arm-none-eabi-ar'
----------------------------------------
Found Pebble SDK for aplite in:
/usr/local/homebrew/Cellar/pebble-sdk/3.1/Pebble/aplite
----------------------------------------
Checking for program gcc,cc
arm-none-eabi-gcc
find program=['gcc', 'cc'] paths='' var='CC' -> 'arm-none-eabi-gcc'
----------------------------------------
Checking for program ar
arm-none-eabi-ar
find program=['ar'] paths='' var='AR' -> 'arm-none-eabi-ar'
